This is pdfTeX, Version 3.141592653-2.6-1.40.23 (TeX Live 2021/W32TeX) (preloaded format=pdflatex 2021.9.12)  18 NOV 2021 21:16
entering extended mode
 restricted \write18 enabled.
 file:line:error style messages enabled.
 %&-line parsing enabled.
**c:/Users/phamk/BKU_Lessons/Elec_circuit/auto_watering_system/report/main.tex
(c:/Users/phamk/BKU_Lessons/Elec_circuit/auto_watering_system/report/main.tex
LaTeX2e <2021-06-01> patch level 1
L3 programming layer <2021-08-27> (c:/texlive/2021/texmf-dist/tex/latex/base/article.cls
Document Class: article 2021/02/12 v1.4n Standard LaTeX document class
(c:/texlive/2021/texmf-dist/tex/latex/base/size12.clo
File: size12.clo 2021/02/12 v1.4n Standard LaTeX file (size option)
)
\c@part=\count182
\c@section=\count183
\c@subsection=\count184
\c@subsubsection=\count185
\c@paragraph=\count186
\c@subparagraph=\count187
\c@figure=\count188
\c@table=\count189
\abovecaptionskip=\skip47
\belowcaptionskip=\skip48
\bibindent=\dimen138
) (c:/texlive/2021/texmf-dist/tex/latex/amsmath/amsmath.sty
Package: amsmath 2021/04/20 v2.17j AMS math features
\@mathmargin=\skip49

For additional information on amsmath, use the `?' option.
(c:/texlive/2021/texmf-dist/tex/latex/amsmath/amstext.sty
Package: amstext 2000/06/29 v2.01 AMS text
 (c:/texlive/2021/texmf-dist/tex/latex/amsmath/amsgen.sty
File: amsgen.sty 1999/11/30 v2.0 generic functions
\@emptytoks=\toks16
\ex@=\dimen139
)) (c:/texlive/2021/texmf-dist/tex/latex/amsmath/amsbsy.sty
Package: amsbsy 1999/11/29 v1.2d Bold Symbols
\pmbraise@=\dimen140
) (c:/texlive/2021/texmf-dist/tex/latex/amsmath/amsopn.sty
Package: amsopn 2016/03/08 v2.02 operator names
)
\inf@bad=\count190
LaTeX Info: Redefining \frac on input line 234.
\uproot@=\count191
\leftroot@=\count192
LaTeX Info: Redefining \overline on input line 399.
\classnum@=\count193
\DOTSCASE@=\count194
LaTeX Info: Redefining \ldots on input line 496.
LaTeX Info: Redefining \dots on input line 499.
LaTeX Info: Redefining \cdots on input line 620.
\Mathstrutbox@=\box50
\strutbox@=\box51
\big@size=\dimen141
LaTeX Font Info:    Redeclaring font encoding OML on input line 743.
LaTeX Font Info:    Redeclaring font encoding OMS on input line 744.
\macc@depth=\count195
\c@MaxMatrixCols=\count196
\dotsspace@=\muskip16
\c@parentequation=\count197
\dspbrk@lvl=\count198
\tag@help=\toks17
\row@=\count199
\column@=\count266
\maxfields@=\count267
\andhelp@=\toks18
\eqnshift@=\dimen142
\alignsep@=\dimen143
\tagshift@=\dimen144
\tagwidth@=\dimen145
\totwidth@=\dimen146
\lineht@=\dimen147
\@envbody=\toks19
\multlinegap=\skip50
\multlinetaggap=\skip51
\mathdisplay@stack=\toks20
LaTeX Info: Redefining \[ on input line 2923.
LaTeX Info: Redefining \] on input line 2924.
) (c:/texlive/2021/texmf-dist/tex/latex/vntex/vntex.sty
Package: vntex 2009/07/12 v1.1 support for Vietnamese
 (c:/texlive/2021/texmf-dist/tex/latex/base/ifthen.sty
Package: ifthen 2020/11/24 v1.1c Standard LaTeX ifthen package (DPC)
) (c:/texlive/2021/texmf-dist/tex/latex/base/fontenc.sty
Package: fontenc 2021/04/29 v2.0v Standard LaTeX package
 (c:/texlive/2021/texmf-dist/tex/latex/vntex/t5enc.def
File: t5enc.def 2006/11/21 v1.4 Vietnamese T5 encoding
Now handling font encoding T5 ...
... processing UTF-8 mapping file for font encoding T5
 (c:/texlive/2021/texmf-dist/tex/latex/vntex/t5enc.dfu
File: t5enc.dfu 2006/08/19 v1.1 UTF8 support for Vietnamese
   defining Unicode char U+00AB (decimal 171)
   defining Unicode char U+00BB (decimal 187)
   defining Unicode char U+00C0 (decimal 192)
   defining Unicode char U+00C1 (decimal 193)
   defining Unicode char U+00C2 (decimal 194)
   defining Unicode char U+00C3 (decimal 195)
   defining Unicode char U+00C8 (decimal 200)
   defining Unicode char U+00C9 (decimal 201)
   defining Unicode char U+00CA (decimal 202)
   defining Unicode char U+00CC (decimal 204)
   defining Unicode char U+00CD (decimal 205)
   defining Unicode char U+00D2 (decimal 210)
   defining Unicode char U+00D3 (decimal 211)
   defining Unicode char U+00D4 (decimal 212)
   defining Unicode char U+00D5 (decimal 213)
   defining Unicode char U+00D9 (decimal 217)
   defining Unicode char U+00DA (decimal 218)
   defining Unicode char U+00DD (decimal 221)
   defining Unicode char U+00E0 (decimal 224)
   defining Unicode char U+00E1 (decimal 225)
   defining Unicode char U+00E2 (decimal 226)
   defining Unicode char U+00E3 (decimal 227)
   defining Unicode char U+00E8 (decimal 232)
   defining Unicode char U+00E9 (decimal 233)
   defining Unicode char U+00EA (decimal 234)
   defining Unicode char U+00EC (decimal 236)
   defining Unicode char U+00ED (decimal 237)
   defining Unicode char U+00F2 (decimal 242)
   defining Unicode char U+00F3 (decimal 243)
   defining Unicode char U+00F4 (decimal 244)
   defining Unicode char U+00F5 (decimal 245)
   defining Unicode char U+00F9 (decimal 249)
   defining Unicode char U+00FA (decimal 250)
   defining Unicode char U+00FD (decimal 253)
   defining Unicode char U+0102 (decimal 258)
   defining Unicode char U+0103 (decimal 259)
   defining Unicode char U+0110 (decimal 272)
   defining Unicode char U+0111 (decimal 273)
   defining Unicode char U+0128 (decimal 296)
   defining Unicode char U+0129 (decimal 297)
   defining Unicode char U+0131 (decimal 305)
   defining Unicode char U+0168 (decimal 360)
   defining Unicode char U+0169 (decimal 361)
   defining Unicode char U+01A0 (decimal 416)
   defining Unicode char U+01A1 (decimal 417)
   defining Unicode char U+01AF (decimal 431)
   defining Unicode char U+01B0 (decimal 432)
   defining Unicode char U+1EA0 (decimal 7840)
   defining Unicode char U+1EA1 (decimal 7841)
   defining Unicode char U+1EA2 (decimal 7842)
   defining Unicode char U+1EA3 (decimal 7843)
   defining Unicode char U+1EA4 (decimal 7844)
   defining Unicode char U+1EA5 (decimal 7845)
   defining Unicode char U+1EA6 (decimal 7846)
   defining Unicode char U+1EA7 (decimal 7847)
   defining Unicode char U+1EA8 (decimal 7848)
   defining Unicode char U+1EA9 (decimal 7849)
   defining Unicode char U+1EAA (decimal 7850)
   defining Unicode char U+1EAB (decimal 7851)
   defining Unicode char U+1EAC (decimal 7852)
   defining Unicode char U+1EAD (decimal 7853)
   defining Unicode char U+1EAE (decimal 7854)
   defining Unicode char U+1EAF (decimal 7855)
   defining Unicode char U+1EB0 (decimal 7856)
   defining Unicode char U+1EB1 (decimal 7857)
   defining Unicode char U+1EB2 (decimal 7858)
   defining Unicode char U+1EB3 (decimal 7859)
   defining Unicode char U+1EB4 (decimal 7860)
   defining Unicode char U+1EB5 (decimal 7861)
   defining Unicode char U+1EB6 (decimal 7862)
   defining Unicode char U+1EB7 (decimal 7863)
   defining Unicode char U+1EB8 (decimal 7864)
   defining Unicode char U+1EB9 (decimal 7865)
   defining Unicode char U+1EBA (decimal 7866)
   defining Unicode char U+1EBB (decimal 7867)
   defining Unicode char U+1EBC (decimal 7868)
   defining Unicode char U+1EBD (decimal 7869)
   defining Unicode char U+1EBE (decimal 7870)
   defining Unicode char U+1EBF (decimal 7871)
   defining Unicode char U+1EC0 (decimal 7872)
   defining Unicode char U+1EC1 (decimal 7873)
   defining Unicode char U+1EC2 (decimal 7874)
   defining Unicode char U+1EC3 (decimal 7875)
   defining Unicode char U+1EC4 (decimal 7876)
   defining Unicode char U+1EC5 (decimal 7877)
   defining Unicode char U+1EC6 (decimal 7878)
   defining Unicode char U+1EC7 (decimal 7879)
   defining Unicode char U+1EC8 (decimal 7880)
   defining Unicode char U+1EC9 (decimal 7881)
   defining Unicode char U+1ECA (decimal 7882)
   defining Unicode char U+1ECB (decimal 7883)
   defining Unicode char U+1ECC (decimal 7884)
   defining Unicode char U+1ECD (decimal 7885)
   defining Unicode char U+1ECE (decimal 7886)
   defining Unicode char U+1ECF (decimal 7887)
   defining Unicode char U+1ED0 (decimal 7888)
   defining Unicode char U+1ED1 (decimal 7889)
   defining Unicode char U+1ED2 (decimal 7890)
   defining Unicode char U+1ED3 (decimal 7891)
   defining Unicode char U+1ED4 (decimal 7892)
   defining Unicode char U+1ED5 (decimal 7893)
   defining Unicode char U+1ED6 (decimal 7894)
   defining Unicode char U+1ED7 (decimal 7895)
   defining Unicode char U+1ED8 (decimal 7896)
   defining Unicode char U+1ED9 (decimal 7897)
   defining Unicode char U+1EDA (decimal 7898)
   defining Unicode char U+1EDB (decimal 7899)
   defining Unicode char U+1EDC (decimal 7900)
   defining Unicode char U+1EDD (decimal 7901)
   defining Unicode char U+1EDE (decimal 7902)
   defining Unicode char U+1EDF (decimal 7903)
   defining Unicode char U+1EE0 (decimal 7904)
   defining Unicode char U+1EE1 (decimal 7905)
   defining Unicode char U+1EE2 (decimal 7906)
   defining Unicode char U+1EE3 (decimal 7907)
   defining Unicode char U+1EE4 (decimal 7908)
   defining Unicode char U+1EE5 (decimal 7909)
   defining Unicode char U+1EE6 (decimal 7910)
   defining Unicode char U+1EE7 (decimal 7911)
   defining Unicode char U+1EE8 (decimal 7912)
   defining Unicode char U+1EE9 (decimal 7913)
   defining Unicode char U+1EEA (decimal 7914)
   defining Unicode char U+1EEB (decimal 7915)
   defining Unicode char U+1EEC (decimal 7916)
   defining Unicode char U+1EED (decimal 7917)
   defining Unicode char U+1EEE (decimal 7918)
   defining Unicode char U+1EEF (decimal 7919)
   defining Unicode char U+1EF0 (decimal 7920)
   defining Unicode char U+1EF1 (decimal 7921)
   defining Unicode char U+1EF2 (decimal 7922)
   defining Unicode char U+1EF3 (decimal 7923)
   defining Unicode char U+1EF4 (decimal 7924)
   defining Unicode char U+1EF5 (decimal 7925)
   defining Unicode char U+1EF6 (decimal 7926)
   defining Unicode char U+1EF7 (decimal 7927)
   defining Unicode char U+1EF8 (decimal 7928)
   defining Unicode char U+1EF9 (decimal 7929)
   defining Unicode char U+200C (decimal 8204)
   defining Unicode char U+2013 (decimal 8211)
   defining Unicode char U+2014 (decimal 8212)
   defining Unicode char U+2018 (decimal 8216)
   defining Unicode char U+2019 (decimal 8217)
   defining Unicode char U+201A (decimal 8218)
   defining Unicode char U+201C (decimal 8220)
   defining Unicode char U+201D (decimal 8221)
   defining Unicode char U+201E (decimal 8222)
   defining Unicode char U+2030 (decimal 8240)
   defining Unicode char U+2031 (decimal 8241)
   defining Unicode char U+2039 (decimal 8249)
   defining Unicode char U+203A (decimal 8250)
   defining Unicode char U+2423 (decimal 9251)
))
LaTeX Font Info:    Trying to load font information for T5+cmr on input line 112.
 (c:/texlive/2021/texmf-dist/tex/latex/vntex/t5cmr.fd
File: t5cmr.fd 1999/05/25 v2.5h Standard LaTeX font definitions
))

Package vntex Warning: No input encoding specified, using UTF-8 as default on input line 88.

(c:/texlive/2021/texmf-dist/tex/latex/base/inputenc.sty
Package: inputenc 2021/02/14 v1.3d Input encoding file
\inpenc@prehook=\toks21
\inpenc@posthook=\toks22
) (c:/texlive/2021/texmf-dist/tex/latex/vntex/vncaps.tex
File: vncaps.tex 2006/06/07 v1.1 Captions in Vietnamese
)) (c:/texlive/2021/texmf-dist/tex/latex/titling/titling.sty
Package: titling 2009/09/04 v2.1d maketitle typesetting
\thanksmarkwidth=\skip52
\thanksmargin=\skip53
\droptitle=\skip54
) (c:/texlive/2021/texmf-dist/tex/latex/graphics/graphicx.sty
Package: graphicx 2020/12/05 v1.2c Enhanced LaTeX Graphics (DPC,SPQR)
 (c:/texlive/2021/texmf-dist/tex/latex/graphics/keyval.sty
Package: keyval 2014/10/28 v1.15 key=value parser (DPC)
\KV@toks@=\toks23
) (c:/texlive/2021/texmf-dist/tex/latex/graphics/graphics.sty
Package: graphics 2021/03/04 v1.4d Standard LaTeX Graphics (DPC,SPQR)
 (c:/texlive/2021/texmf-dist/tex/latex/graphics/trig.sty
Package: trig 2016/01/03 v1.10 sin cos tan (DPC)
) (c:/texlive/2021/texmf-dist/tex/latex/graphics-cfg/graphics.cfg
File: graphics.cfg 2016/06/04 v1.11 sample graphics configuration
)
Package graphics Info: Driver file: pdftex.def on input line 107.
 (c:/texlive/2021/texmf-dist/tex/latex/graphics-def/pdftex.def
File: pdftex.def 2020/10/05 v1.2a Graphics/color driver for pdftex
))
\Gin@req@height=\dimen148
\Gin@req@width=\dimen149
) (c:/texlive/2021/texmf-dist/tex/latex/xcolor/xcolor.sty
Package: xcolor 2016/05/11 v2.12 LaTeX color extensions (UK)
 (c:/texlive/2021/texmf-dist/tex/latex/graphics-cfg/color.cfg
File: color.cfg 2016/01/02 v1.6 sample color configuration
)
Package xcolor Info: Driver file: pdftex.def on input line 225.
 (c:/texlive/2021/texmf-dist/tex/latex/colortbl/colortbl.sty
Package: colortbl 2020/01/04 v1.0e Color table columns (DPC)
 (c:/texlive/2021/texmf-dist/tex/latex/tools/array.sty
Package: array 2021/04/20 v2.5e Tabular extension package (FMi)
\col@sep=\dimen150
\ar@mcellbox=\box52
\extrarowheight=\dimen151
\NC@list=\toks24
\extratabsurround=\skip55
\backup@length=\skip56
\ar@cellbox=\box53
)
\everycr=\toks25
\minrowclearance=\skip57
)
\rownum=\count268
Package xcolor Info: Model `cmy' substituted by `cmy0' on input line 1348.
Package xcolor Info: Model `hsb' substituted by `rgb' on input line 1352.
Package xcolor Info: Model `RGB' extended on input line 1364.
Package xcolor Info: Model `HTML' substituted by `rgb' on input line 1366.
Package xcolor Info: Model `Hsb' substituted by `hsb' on input line 1367.
Package xcolor Info: Model `tHsb' substituted by `hsb' on input line 1368.
Package xcolor Info: Model `HSB' substituted by `hsb' on input line 1369.
Package xcolor Info: Model `Gray' substituted by `gray' on input line 1370.
Package xcolor Info: Model `wave' substituted by `hsb' on input line 1371.
) (c:/texlive/2021/texmf-dist/tex/latex/float/float.sty
Package: float 2001/11/08 v1.3d Float enhancements (AL)
\c@float@type=\count269
\float@exts=\toks26
\float@box=\box54
\@float@everytoks=\toks27
\@floatcapt=\box55
) (c:/texlive/2021/texmf-dist/tex/latex/l3backend/l3backend-pdftex.def
File: l3backend-pdftex.def 2021-08-04 L3 backend support: PDF output (pdfTeX)
\l__color_backend_stack_int=\count270
\l__pdf_internal_box=\box56
) (./main.aux

LaTeX Warning: Label `fig:schematic' multiply defined.


LaTeX Warning: Label `fig:schematic' multiply defined.


LaTeX Warning: Label `fig:schematic' multiply defined.

)
\openout1 = `main.aux'.

LaTeX Font Info:    Checking defaults for OML/cmm/m/it on input line 29.
LaTeX Font Info:    ... okay on input line 29.
LaTeX Font Info:    Checking defaults for OMS/cmsy/m/n on input line 29.
LaTeX Font Info:    ... okay on input line 29.
LaTeX Font Info:    Checking defaults for OT1/cmr/m/n on input line 29.
LaTeX Font Info:    ... okay on input line 29.
LaTeX Font Info:    Checking defaults for T1/cmr/m/n on input line 29.
LaTeX Font Info:    ... okay on input line 29.
LaTeX Font Info:    Checking defaults for TS1/cmr/m/n on input line 29.
LaTeX Font Info:    ... okay on input line 29.
LaTeX Font Info:    Checking defaults for OMX/cmex/m/n on input line 29.
LaTeX Font Info:    ... okay on input line 29.
LaTeX Font Info:    Checking defaults for U/cmr/m/n on input line 29.
LaTeX Font Info:    ... okay on input line 29.
LaTeX Font Info:    Checking defaults for T5/cmr/m/n on input line 29.
LaTeX Font Info:    ... okay on input line 29.
 (c:/texlive/2021/texmf-dist/tex/context/base/mkii/supp-pdf.mkii
[Loading MPS to PDF converter (version 2006.09.02).]
\scratchcounter=\count271
\scratchdimen=\dimen152
\scratchbox=\box57
\nofMPsegments=\count272
\nofMParguments=\count273
\everyMPshowfont=\toks28
\MPscratchCnt=\count274
\MPscratchDim=\dimen153
\MPnumerator=\count275
\makeMPintoPDFobject=\count276
\everyMPtoPDFconversion=\toks29
) (c:/texlive/2021/texmf-dist/tex/latex/epstopdf-pkg/epstopdf-base.sty
Package: epstopdf-base 2020-01-24 v2.11 Base part for package epstopdf
Package epstopdf-base Info: Redefining graphics rule for `.eps' on input line 485.
 (c:/texlive/2021/texmf-dist/tex/latex/latexconfig/epstopdf-sys.cfg
File: epstopdf-sys.cfg 2010/07/13 v1.3 Configuration of (r)epstopdf for TeX Live
))
<./images/Logo_BK.png, id=1, 291.0072pt x 297.7524pt>
File: ./images/Logo_BK.png Graphic file (type png)
<use ./images/Logo_BK.png>
Package pdftex.def Info: ./images/Logo_BK.png  used on input line 30.
(pdftex.def)             Requested size: 174.60567pt x 178.6528pt.
 [1

{c:/texlive/2021/texmf-var/fonts/map/pdftex/updmap/pdftex.map} <./images/Logo_BK.png>]
Underfull \hbox (badness 10000) in paragraph at lines 37--53

 []

[2]
<./images/OLED.jpg, id=15, 192.72pt x 128.3997pt>
File: ./images/OLED.jpg Graphic file (type jpg)
<use ./images/OLED.jpg>
Package pdftex.def Info: ./images/OLED.jpg  used on input line 62.
(pdftex.def)             Requested size: 192.71951pt x 128.39938pt.
<./images/arduino uno.png, id=16, 452.28975pt x 317.38576pt>
File: ./images/arduino uno.png Graphic file (type png)
<use ./images/arduino uno.png>
Package pdftex.def Info: ./images/arduino uno.png  used on input line 71.
(pdftex.def)             Requested size: 271.37595pt x 190.43292pt.
 [3 <./images/OLED.jpg> <./images/arduino uno.png>]
<./images/arduino ide.png, id=22, 1156.32pt x 582.37575pt>
File: ./images/arduino ide.png Graphic file (type png)
<use ./images/arduino ide.png>
Package pdftex.def Info: ./images/arduino ide.png  used on input line 76.
(pdftex.def)             Requested size: 346.89868pt x 174.71407pt.
<./images/relay.jpg, id=23, 1868.9825pt x 518.93875pt>
File: ./images/relay.jpg Graphic file (type jpg)
<use ./images/relay.jpg>
Package pdftex.def Info: ./images/relay.jpg  used on input line 84.
(pdftex.def)             Requested size: 373.78989pt x 103.7859pt.

Overfull \hbox (13.16458pt too wide) in paragraph at lines 84--85
 [] 
 []

<./images/relay_schematic.png, id=24, 83.47185pt x 71.66776pt>
File: ./images/relay_schematic.png Graphic file (type png)
<use ./images/relay_schematic.png>
Package pdftex.def Info: ./images/relay_schematic.png  used on input line 90.
(pdftex.def)             Requested size: 250.4149pt x 215.00272pt.

LaTeX Warning: `!h' float specifier changed to `!ht'.

<./images/joystick.png, id=25, 498.663pt x 489.62926pt>
File: ./images/joystick.png Graphic file (type png)
<use ./images/joystick.png>
Package pdftex.def Info: ./images/joystick.png  used on input line 102.
(pdftex.def)             Requested size: 124.66544pt x 122.40701pt.
[4 <./images/arduino ide.png> <./images/relay.jpg>]
<./images/joystick_schematic.jpg, id=30, 339.51843pt x 294.34969pt>
File: ./images/joystick_schematic.jpg Graphic file (type jpg)
<use ./images/joystick_schematic.jpg>
Package pdftex.def Info: ./images/joystick_schematic.jpg  used on input line 107.
(pdftex.def)             Requested size: 254.63818pt x 220.7617pt.
 [5 <./images/relay_schematic.png> <./images/joystick.png>]
<./images/ac-dc.png, id=36, 401.70074pt x 340.8735pt>
File: ./images/ac-dc.png Graphic file (type png)
<use ./images/ac-dc.png>
Package pdftex.def Info: ./images/ac-dc.png  used on input line 117.
(pdftex.def)             Requested size: 200.84987pt x 170.43633pt.
 [6 <./images/joystick_schematic.jpg> <./images/ac-dc.png>]
<./images/hum_sensor.png, id=42, 429.40425pt x 333.04425pt>
File: ./images/hum_sensor.png Graphic file (type png)
<use ./images/hum_sensor.png>
Package pdftex.def Info: ./images/hum_sensor.png  used on input line 131.
(pdftex.def)             Requested size: 214.70158pt x 166.52171pt.
<./images/t89.png, id=43, 455.301pt x 368.577pt>
File: ./images/t89.png Graphic file (type png)
<use ./images/t89.png>
Package pdftex.def Info: ./images/t89.png  used on input line 141.
(pdftex.def)             Requested size: 113.82497pt x 92.14401pt.
 [7 <./images/hum_sensor.png> <./images/t89.png>]
<./images/breadboard.png, id=50, 650.05359pt x 560.4689pt>
File: ./images/breadboard.png Graphic file (type png)
<use ./images/breadboard.png>
Package pdftex.def Info: ./images/breadboard.png  used on input line 151.
(pdftex.def)             Requested size: 398.33858pt x 343.45055pt.

Overfull \hbox (8.33858pt too wide) in paragraph at lines 151--152
 [][] 
 []

<./images/flow chart.png, id=51, 718.685pt x 851.18pt>
File: ./images/flow chart.png Graphic file (type png)
<use ./images/flow chart.png>
Package pdftex.def Info: ./images/flow chart.png  used on input line 157.
(pdftex.def)             Requested size: 359.34161pt x 425.58894pt.
[8 <./images/breadboard.png>] [9 <./images/flow chart.png>]
<./images/include_lib.png, id=60, 380.42125pt x 42.1575pt>
File: ./images/include_lib.png Graphic file (type png)
<use ./images/include_lib.png>
Package pdftex.def Info: ./images/include_lib.png  used on input line 163.
(pdftex.def)             Requested size: 398.33858pt x 44.14444pt.

Overfull \hbox (8.33858pt too wide) in paragraph at lines 163--164
 [][] 
 []

<./images/assign.png, id=61, 284.06125pt x 201.75375pt>
File: ./images/assign.png Graphic file (type png)
<use ./images/assign.png>
Package pdftex.def Info: ./images/assign.png  used on input line 172.
(pdftex.def)             Requested size: 398.33858pt x 282.94588pt.

Overfull \hbox (8.33858pt too wide) in paragraph at lines 172--173
 [][] 
 []

<./images/setup.png, id=62, 402.50375pt x 221.82875pt>
File: ./images/setup.png Graphic file (type png)
<use ./images/setup.png>
Package pdftex.def Info: ./images/setup.png  used on input line 181.
(pdftex.def)             Requested size: 398.33858pt x 219.53326pt.

Overfull \hbox (8.33858pt too wide) in paragraph at lines 181--182
 [][] 
 []

[10 <./images/include_lib.png> <./images/assign.png>]
<./images/OLED_print.png, id=68, 419.5675pt x 261.97874pt>
File: ./images/OLED_print.png Graphic file (type png)
<use ./images/OLED_print.png>
Package pdftex.def Info: ./images/OLED_print.png  used on input line 190.
(pdftex.def)             Requested size: 419.56647pt x 261.9781pt.

Overfull \hbox (29.56647pt too wide) in paragraph at lines 190--191
 [][] 
 []

[11 <./images/setup.png>]
<./images/main1.png, id=73, 430.60875pt x 282.05376pt>
File: ./images/main1.png Graphic file (type png)
<use ./images/main1.png>
Package pdftex.def Info: ./images/main1.png  used on input line 199.
(pdftex.def)             Requested size: 398.33858pt x 260.92145pt.

Overfull \hbox (8.33858pt too wide) in paragraph at lines 199--200
 [][] 
 []

[12 <./images/OLED_print.png>]
<./images/main2.png, id=78, 604.2575pt x 547.04375pt>
File: ./images/main2.png Graphic file (type png)
<use ./images/main2.png>
Package pdftex.def Info: ./images/main2.png  used on input line 208.
(pdftex.def)             Requested size: 398.33858pt x 360.62427pt.

Overfull \hbox (8.33858pt too wide) in paragraph at lines 208--209
 [][] 
 []

[13 <./images/main1.png>]
<./images/main3.png, id=84, 194.7275pt x 39.14626pt>
File: ./images/main3.png Graphic file (type png)
<use ./images/main3.png>
Package pdftex.def Info: ./images/main3.png  used on input line 217.
(pdftex.def)             Requested size: 398.33858pt x 80.08127pt.

Overfull \hbox (8.33858pt too wide) in paragraph at lines 217--218
 [][] 
 []

[14 <./images/main2.png>]
Overfull \hbox (67.32413pt too wide) in paragraph at lines 227--237
 [][] 
 []

[15 <./images/main3.png>] [16]
<images/full_mach_dien.jpg, id=96, 3035.34pt x 2512.38625pt>
File: images/full_mach_dien.jpg Graphic file (type jpg)
<use images/full_mach_dien.jpg>
Package pdftex.def Info: images/full_mach_dien.jpg  used on input line 272.
(pdftex.def)             Requested size: 398.33858pt x 329.68855pt.

Overfull \hbox (8.33858pt too wide) in paragraph at lines 272--273
 [][] 
 []


LaTeX Warning: `!h' float specifier changed to `!ht'.

[17]
<images/day_roi.jpg, id=100, 3035.34pt x 1457.445pt>
File: images/day_roi.jpg Graphic file (type jpg)
<use images/day_roi.jpg>
Package pdftex.def Info: images/day_roi.jpg  used on input line 289.
(pdftex.def)             Requested size: 398.33858pt x 191.2536pt.

Overfull \hbox (8.33858pt too wide) in paragraph at lines 289--290
 [][] 
 []


LaTeX Warning: `!h' float specifier changed to `!ht'.

[18 <./images/full_mach_dien.jpg>]
<images/daydien.png, id=104, 501.875pt x 231.86626pt>
File: images/daydien.png Graphic file (type png)
<use images/daydien.png>
Package pdftex.def Info: images/daydien.png  used on input line 297.
(pdftex.def)             Requested size: 398.33858pt x 184.04266pt.

Overfull \hbox (8.33858pt too wide) in paragraph at lines 297--298
 [][] 
 []

[19 <./images/day_roi.jpg> <./images/daydien.png>]
Underfull \hbox (badness 10000) in paragraph at lines 310--312

 []

[20] (./main.aux)

LaTeX Warning: There were multiply-defined labels.

 ) 
Here is how much of TeX's memory you used:
 3505 strings out of 478599
 46852 string characters out of 5858101
 356703 words of memory out of 5000000
 21331 multiletter control sequences out of 15000+600000
 417180 words of font info for 54 fonts, out of 8000000 for 9000
 1141 hyphenation exceptions out of 8191
 57i,16n,69p,663b,315s stack positions out of 5000i,500n,10000p,200000b,80000s
{c:/texlive/2021/texmf-dist/fonts/enc/dvips/cm-super/cm-super-ts1.enc}<c:/texlive/2021/texmf-dist/fonts/type1/public/amsfonts/cm/cmr12.pfb><c:/texlive/2021/texmf-dist/fonts/type1/public/cm-super/sfrm1200.pfb><c:/texlive/2021/texmf-dist/fonts/type1/vntex/vnr/vnbx12.pfb><c:/texlive/2021/texmf-dist/fonts/type1/vntex/vnr/vnr12.pfb><c:/texlive/2021/texmf-dist/fonts/type1/vntex/vnr/vnti12.pfb>
Output written on main.pdf (20 pages, 7311003 bytes).
PDF statistics:
 136 PDF objects out of 1000 (max. 8388607)
 63 compressed objects within 1 object stream
 0 named destinations out of 1000 (max. 500000)
 116 words of extra memory for PDF output out of 10000 (max. 10000000)

